<?xml version="1.0" encoding="UTF-8"?>
<!-- Generated by org.testng.reporters.JUnitReportReporter -->
<testsuite hostname="LAPTOP-4P8OOT6N" failures="0" tests="2" name="rahulshettyacademy.tests.ErrorValidationsTest" time="13.781" errors="0" timestamp="10 Dec 2024 19:09:35 GMT" skipped="0">
  <testcase classname="rahulshettyacademy.tests.ErrorValidationsTest" name="ProductErrorValidation" time="8.902"/>
  <testcase classname="rahulshettyacademy.tests.ErrorValidationsTest" name="LoginErrorValidation" time="4.879"/>
</testsuite> <!-- rahulshettyacademy.tests.ErrorValidationsTest -->
