<?xml version="1.0" encoding="UTF-8"?>
<!-- Generated by org.testng.reporters.JUnitReportReporter -->
<testsuite hostname="LAPTOP-4P8OOT6N" failures="0" tests="2" name="practice.tests.ErrorValidationsTest" time="16.572" errors="0" timestamp="11 Dec 2024 18:50:04 GMT" skipped="0">
  <testcase classname="practice.tests.ErrorValidationsTest" name="LoginErrorValidation" time="9.610"/>
  <testcase classname="practice.tests.ErrorValidationsTest" name="ProductErrorValidation" time="6.962"/>
</testsuite> <!-- practice.tests.ErrorValidationsTest -->
