<?xml version="1.0" encoding="UTF-8"?>
<!-- Generated by org.testng.reporters.JUnitReportReporter -->
<testsuite hostname="LAPTOP-4P8OOT6N" failures="0" tests="2" name="practice.tests.ErrorValidationsTest" time="9.474" errors="0" timestamp="11 Dec 2024 18:51:03 GMT" skipped="0">
  <testcase classname="practice.tests.ErrorValidationsTest" name="ProductErrorValidation" time="6.489"/>
  <testcase classname="practice.tests.ErrorValidationsTest" name="LoginErrorValidation" time="2.985"/>
</testsuite> <!-- practice.tests.ErrorValidationsTest -->
